<?xml version="1.0" encoding="UTF-8"?>
<testsuite xmlns:xsi="http://www.w3.org/2001/XMLSchema-instance" xsi:noNamespaceSchemaLocation="https://maven.apache.org/surefire/maven-surefire-plugin/xsd/surefire-test-report.xsd" name="com.rawchen.BlogApiApplicationTests" time="6.289" tests="4" errors="0" skipped="0" failures="0">
  <properties>
[...]
</properties>
  <testcase name="test01" classname="com.rawchen.BlogApiApplicationTests" time="0.342"/>
  <testcase name="test02" classname="com.rawchen.BlogApiApplicationTests" time="0.002"/>
  <testcase name="test03" classname="com.rawchen.BlogApiApplicationTests" time="0.005"/>
  <testcase name="contextLoads" classname="com.rawchen.BlogApiApplicationTests" time="0.001"/>
</testsuite>